Arguments: 
  C:\Program Files\nodejs\node.exe C:\Program Files (x86)\Yarn\bin\yarn.js start

PATH: 
  C:\Users\VisLPC\bin;C:\Program Files\Git\mingw64\bin;C:\Program Files\Git\usr\local\bin;C:\Program Files\Git\usr\bin;C:\Program Files\Git\usr\bin;C:\Program Files\Git\mingw64\bin;C:\Program Files\Git\usr\bin;C:\Users\VisLPC\bin;C:\ffmpeg\bin;C:\Windows\system32;C:\Windows;C:\Windows\System32\Wbem;C:\Windows\System32\WindowsPowerShell\v1.0;C:\Program Files (x86)\NVIDIA Corporation\PhysX\Common;C:\Program Files\Intel\WiFi\bin;C:\Program Files\Common Files\Intel\WirelessCommon;C:\Program Files (x86)\Calibre2;C:\Program Files\nodejs;C:\Users\VisLPC\AppData\Local\Microsoft\WindowsApps;C:\Users\VisLPC\AppData\Local\atom\bin;C:\Users\VisLPC\AppData\Local\GitHubDesktop\bin;C:\Users\VisLPC\AppData\Roaming\npm;C:\wamp64\bin\php\php7.1.9;C:\ProgramData\ComposerSetup\bin;C:\ProgramData\chocolatey\bin;C:\Program Files (x86)\Windows Kits\8.1\Windows Performance Toolkit;C:\Program Files (x86)\Yarn\bin;C:\Users\VisLPC\.cargo\bin;C:\Users\VisLPC\AppData\Local\Microsoft\WindowsApps;C:\Users\VisLPC\AppData\Local\atom\bin;C:\Program Files\Intel\WiFi\bin;C:\Program Files\Common Files\Intel\WirelessCommon;C:\Users\VisLPC\AppData\Local\GitHubDesktop\bin;C:\Users\VisLPC\AppData\Roaming\npm;C:\Users\VisLPC\AppData\Roaming\Composer\vendor\bin;C:\Users\VisLPC\AppData\Local\Yarn\bin;C:\Program Files\Git\usr\bin\vendor_perl;C:\Program Files\Git\usr\bin\core_perl

Yarn version: 
  1.5.1

Node version: 
  8.9.3

Platform: 
  win32 x64

npm manifest: 
  {
    "name": "PlayMusic",
    "version": "0.0.1",
    "description": "Discord YouTube Bot",
    "main": "index.js",
    "author": "Vishal",
    "license": "MIT",
    "dependencies": {
      "discord.js": "^11.3.2",
      "erlpack": "^0.1.2",
      "moment": "^2.21.0",
      "nedb": "^1.8.0",
      "ytdl-core": "^0.20.2"
    }
  }

yarn manifest: 
  No manifest

Lockfile: 
  # THIS IS AN AUTOGENERATED FILE. DO NOT EDIT THIS FILE DIRECTLY.
  # yarn lockfile v1
  
  
  async-limiter@~1.0.0:
    version "1.0.0"
    resolved "https://registry.yarnpkg.com/async-limiter/-/async-limiter-1.0.0.tgz#78faed8c3d074ab81f22b4e985d79e8738f720f8"
  
  async@0.2.10:
    version "0.2.10"
    resolved "https://registry.yarnpkg.com/async/-/async-0.2.10.tgz#b6bbe0b0674b9d719708ca38de8c237cb526c3d1"
  
  binary-search-tree@0.2.5:
    version "0.2.5"
    resolved "https://registry.yarnpkg.com/binary-search-tree/-/binary-search-tree-0.2.5.tgz#7dbb3b210fdca082450dad2334c304af39bdc784"
    dependencies:
      underscore "~1.4.4"
  
  bindings@^1.2.1:
    version "1.3.0"
    resolved "https://registry.yarnpkg.com/bindings/-/bindings-1.3.0.tgz#b346f6ecf6a95f5a815c5839fc7cdb22502f1ed7"
  
  discord.js@^11.3.2:
    version "11.3.2"
    resolved "https://registry.yarnpkg.com/discord.js/-/discord.js-11.3.2.tgz#3c4074c1cb1a4916582fb96ded5ffa1324411f95"
    dependencies:
      long "^4.0.0"
      prism-media "^0.0.2"
      snekfetch "^3.6.4"
      tweetnacl "^1.0.0"
      ws "^4.0.0"
  
  erlpack@^0.1.2:
    version "0.1.2"
    resolved "https://registry.yarnpkg.com/erlpack/-/erlpack-0.1.2.tgz#cf1f4f755d0728ebc2d11b2e3c92bd2da834514e"
    dependencies:
      bindings "^1.2.1"
      nan "^2.1.0"
  
  html-entities@^1.1.3:
    version "1.2.1"
    resolved "https://registry.yarnpkg.com/html-entities/-/html-entities-1.2.1.tgz#0df29351f0721163515dfb9e5543e5f6eed5162f"
  
  immediate@~3.0.5:
    version "3.0.6"
    resolved "https://registry.yarnpkg.com/immediate/-/immediate-3.0.6.tgz#9db1dbd0faf8de6fbe0f5dd5e56bb606280de69b"
  
  lie@3.1.1:
    version "3.1.1"
    resolved "https://registry.yarnpkg.com/lie/-/lie-3.1.1.tgz#9a436b2cc7746ca59de7a41fa469b3efb76bd87e"
    dependencies:
      immediate "~3.0.5"
  
  localforage@^1.3.0:
    version "1.6.0"
    resolved "https://registry.yarnpkg.com/localforage/-/localforage-1.6.0.tgz#8b0059beeb3875c48124286ca7fdbf23d52b8c97"
    dependencies:
      lie "3.1.1"
  
  long@^4.0.0:
    version "4.0.0"
    resolved "https://registry.yarnpkg.com/long/-/long-4.0.0.tgz#9a7b71cfb7d361a194ea555241c92f7468d5bf28"
  
  m3u8stream@^0.2.1:
    version "0.2.1"
    resolved "https://registry.yarnpkg.com/m3u8stream/-/m3u8stream-0.2.1.tgz#5a7385880bc126921a7fa6fcf63f75c9e99dff8f"
    dependencies:
      miniget "^1.1.0"
  
  miniget@^1.1.0:
    version "1.1.0"
    resolved "https://registry.yarnpkg.com/miniget/-/miniget-1.1.0.tgz#482168b255f4fb8fef3b43991d49a212a8923b17"
  
  minimist@0.0.8:
    version "0.0.8"
    resolved "https://registry.yarnpkg.com/minimist/-/minimist-0.0.8.tgz#857fcabfc3397d2625b8228262e86aa7a011b05d"
  
  mkdirp@~0.5.1:
    version "0.5.1"
    resolved "https://registry.yarnpkg.com/mkdirp/-/mkdirp-0.5.1.tgz#30057438eac6cf7f8c4767f38648d6697d75c903"
    dependencies:
      minimist "0.0.8"
  
  moment@^2.21.0:
    version "2.21.0"
    resolved "https://registry.yarnpkg.com/moment/-/moment-2.21.0.tgz#2a114b51d2a6ec9e6d83cf803f838a878d8a023a"
  
  nan@^2.1.0:
    version "2.9.2"
    resolved "https://registry.yarnpkg.com/nan/-/nan-2.9.2.tgz#f564d75f5f8f36a6d9456cca7a6c4fe488ab7866"
  
  nedb@^1.8.0:
    version "1.8.0"
    resolved "https://registry.yarnpkg.com/nedb/-/nedb-1.8.0.tgz#0e3502cd82c004d5355a43c9e55577bd7bd91d88"
    dependencies:
      async "0.2.10"
      binary-search-tree "0.2.5"
      localforage "^1.3.0"
      mkdirp "~0.5.1"
      underscore "~1.4.4"
  
  prism-media@^0.0.2:
    version "0.0.2"
    resolved "https://registry.yarnpkg.com/prism-media/-/prism-media-0.0.2.tgz#aa917b084576c4df6488e4ea8e7d6d44aed4b411"
  
  safe-buffer@~5.1.0:
    version "5.1.1"
    resolved "https://registry.yarnpkg.com/safe-buffer/-/safe-buffer-5.1.1.tgz#893312af69b2123def71f57889001671eeb2c853"
  
  sax@^1.1.3:
    version "1.2.4"
    resolved "https://registry.yarnpkg.com/sax/-/sax-1.2.4.tgz#2816234e2378bddc4e5354fab5caa895df7100d9"
  
  snekfetch@^3.6.4:
    version "3.6.4"
    resolved "https://registry.yarnpkg.com/snekfetch/-/snekfetch-3.6.4.tgz#d13e80a616d892f3d38daae4289f4d258a645120"
  
  tweetnacl@^1.0.0:
    version "1.0.0"
    resolved "https://registry.yarnpkg.com/tweetnacl/-/tweetnacl-1.0.0.tgz#713d8b818da42068740bf68386d0479e66fc8a7b"
  
  underscore@~1.4.4:
    version "1.4.4"
    resolved "https://registry.yarnpkg.com/underscore/-/underscore-1.4.4.tgz#61a6a32010622afa07963bf325203cf12239d604"
  
  ws@^4.0.0:
    version "4.1.0"
    resolved "https://registry.yarnpkg.com/ws/-/ws-4.1.0.tgz#a979b5d7d4da68bf54efe0408967c324869a7289"
    dependencies:
      async-limiter "~1.0.0"
      safe-buffer "~5.1.0"
  
  ytdl-core@^0.20.2:
    version "0.20.2"
    resolved "https://registry.yarnpkg.com/ytdl-core/-/ytdl-core-0.20.2.tgz#0c0a1cffc2d943196f0a0809f129876877b26dad"
    dependencies:
      html-entities "^1.1.3"
      m3u8stream "^0.2.1"
      miniget "^1.1.0"
      sax "^1.1.3"

Trace: 
  Error: Command "start" not found.
      at new MessageError (C:\Program Files (x86)\Yarn\lib\cli.js:186:110)
      at C:\Program Files (x86)\Yarn\lib\cli.js:87307:17
      at Generator.next (<anonymous>)
      at step (C:\Program Files (x86)\Yarn\lib\cli.js:98:30)
      at C:\Program Files (x86)\Yarn\lib\cli.js:116:14
      at new Promise (<anonymous>)
      at new F (C:\Program Files (x86)\Yarn\lib\cli.js:23451:28)
      at C:\Program Files (x86)\Yarn\lib\cli.js:95:12
      at runCommand (C:\Program Files (x86)\Yarn\lib\cli.js:87312:22)
      at Object.<anonymous> (C:\Program Files (x86)\Yarn\lib\cli.js:87412:14)
